#user_tag_ids
0
4070
0
0
10421
6
0
0
37
0
69
0
54219
898
70008
19
0
1562
803
5509
298
1
0
0
0
1
0
3232
1716
0
0
0
1566
3
0
2346
183
2967
4
3
496
19
10049
0
0
0
145
0
1562
1562
0
13270
1164
7
0
803
28254
23476
7
10725
0
0
0
0
90644
0
19
1509
0
259
1892
12
0
0
42565
0
0
0
298
34
6
47154
214748364834
0
10132
19
0
259
786
0
0
2070
0
0
0
0
997
0
4289
0
3
12
71261
0
7
321
0
0
69870
19
0
9
0
1
94
0
0
878
5548
0
2335
16857
0
0
0
0
739
0
9
3893
0
0
261
0
0
6577
0
4
11681
3
0
80
10957
52615
40
0
10725
15048
895
0
7
0
0
223
0
3109
17106
1374
0
0
1327
1447
0
4067
19
803
1
0
0
0
0
13
0
0
0
0
0
803
39564
0
574
86015
0
12
0
66
10
0
159
0
0
0
0
971
7
0
803
0
